<?xml version="1.0" encoding="UTF-8"?>
<testng-results ignored="0" total="1" passed="1" failed="0" skipped="0">
  <reporter-output>
    <line>
      <![CDATA[browser terminate done]]>
    </line>
  </reporter-output>
  <suite started-at="2025-07-31T10:52:07 IST" name="RegressionSuite" finished-at="2025-07-31T10:52:14 IST" duration-ms="7533">
    <groups>
    </groups>
    <test started-at="2025-07-31T10:52:07 IST" name="Test" finished-at="2025-07-31T10:52:14 IST" duration-ms="7533">
      <class name="producttest.TeamOTest">
        <test-method is-config="true" signature="ReportSetup()[pri:0, instance:producttest.TeamOTest@6743e411]" started-at="2025-07-31T10:52:07 IST" name="ReportSetup" finished-at="2025-07-31T10:52:07 IST" duration-ms="239" status="PASS">
          <reporter-output>
          </reporter-output>
        </test-method> <!-- ReportSetup -->
        <test-method is-config="true" signature="BrowserSetup()[pri:0, instance:producttest.TeamOTest@6743e411]" started-at="2025-07-31T10:52:07 IST" name="BrowserSetup" finished-at="2025-07-31T10:52:10 IST" duration-ms="2874" status="PASS">
          <reporter-output>
          </reporter-output>
        </test-method> <!-- BrowserSetup -->
        <test-method is-config="true" signature="Login()[pri:0, instance:producttest.TeamOTest@6743e411]" started-at="2025-07-31T10:52:11 IST" name="Login" finished-at="2025-07-31T10:52:11 IST" duration-ms="317" status="PASS">
          <reporter-output>
          </reporter-output>
        </test-method> <!-- Login -->
        <test-method signature="Verify_If_User_Is_Able_To_Order_3_Products(java.lang.String,java.lang.String,java.lang.String)[pri:1, instance:producttest.TeamOTest@6743e411]" started-at="2025-07-31T10:52:11 IST" name="Verify_If_User_Is_Able_To_Order_3_Products" data-provider="checkOutInfo" finished-at="2025-07-31T10:52:13 IST" duration-ms="2003" status="PASS">
          <params>
            <param index="0">
              <value>
                <![CDATA[Firstname]]>
              </value>
            </param>
            <param index="1">
              <value>
                <![CDATA[Lastname]]>
              </value>
            </param>
            <param index="2">
              <value>
                <![CDATA[zipcode]]>
              </value>
            </param>
          </params>
          <reporter-output>
          </reporter-output>
        </test-method> <!-- Verify_If_User_Is_Able_To_Order_3_Products -->
        <test-method is-config="true" signature="logOut()[pri:0, instance:producttest.TeamOTest@6743e411]" started-at="2025-07-31T10:52:13 IST" name="logOut" finished-at="2025-07-31T10:52:14 IST" duration-ms="760" status="PASS">
          <reporter-output>
          </reporter-output>
        </test-method> <!-- logOut -->
        <test-method is-config="true" signature="BrowserTerminate()[pri:0, instance:producttest.TeamOTest@6743e411]" started-at="2025-07-31T10:52:14 IST" name="BrowserTerminate" finished-at="2025-07-31T10:52:14 IST" duration-ms="250" status="PASS">
          <reporter-output>
            <line>
              <![CDATA[browser terminate done]]>
            </line>
          </reporter-output>
        </test-method> <!-- BrowserTerminate -->
        <test-method is-config="true" signature="RepoertTerminate()[pri:0, instance:producttest.TeamOTest@6743e411]" started-at="2025-07-31T10:52:14 IST" name="RepoertTerminate" finished-at="2025-07-31T10:52:14 IST" duration-ms="374" status="PASS">
          <reporter-output>
          </reporter-output>
        </test-method> <!-- RepoertTerminate -->
      </class> <!-- producttest.TeamOTest -->
    </test> <!-- Test -->
  </suite> <!-- RegressionSuite -->
</testng-results>
